<?xml version="1.0" encoding="UTF-8"?>
<testsuite name="LibraryTest" tests="1" skipped="0" failures="0" errors="0" timestamp="2015-05-14T01:37:25" hostname="Diogos-MBP" time="0.047">
  <properties/>
  <testcase name="someLibraryMethod returns true" classname="LibraryTest" time="0.047"/>
  <system-out><![CDATA[]]></system-out>
  <system-err><![CDATA[]]></system-err>
</testsuite>
